Determining if the pthread_create exist failed with the following output:
Change Dir: /home/giang/Desktop/DelaunayTriangulation3D-master/build/CMakeFiles/CMakeTmp

Run Build Command:"/usr/bin/make" "cmTC_b60f6/fast"
/usr/bin/make -f CMakeFiles/cmTC_b60f6.dir/build.make CMakeFiles/cmTC_b60f6.dir/build
make[1]: Entering directory '/home/giang/Desktop/DelaunayTriangulation3D-master/build/CMakeFiles/CMakeTmp'
Building C object CMakeFiles/cmTC_b60f6.dir/CheckSymbolExists.c.o
/usr/bin/cc    -o CMakeFiles/cmTC_b60f6.dir/CheckSymbolExists.c.o   -c /home/giang/Desktop/DelaunayTriangulation3D-master/build/CMakeFiles/CMakeTmp/CheckSymbolExists.c
Linking C executable cmTC_b60f6
/usr/bin/cmake -E cmake_link_script CMakeFiles/cmTC_b60f6.dir/link.txt --verbose=1
/usr/bin/cc      -rdynamic CMakeFiles/cmTC_b60f6.dir/CheckSymbolExists.c.o  -o cmTC_b60f6 
CMakeFiles/cmTC_b60f6.dir/CheckSymbolExists.c.o: In function `main':
CheckSymbolExists.c:(.text+0x1b): undefined reference to `pthread_create'
collect2: error: ld returned 1 exit status
CMakeFiles/cmTC_b60f6.dir/build.make:97: recipe for target 'cmTC_b60f6' failed
make[1]: *** [cmTC_b60f6] Error 1
make[1]: Leaving directory '/home/giang/Desktop/DelaunayTriangulation3D-master/build/CMakeFiles/CMakeTmp'
Makefile:126: recipe for target 'cmTC_b60f6/fast' failed
make: *** [cmTC_b60f6/fast] Error 2

File /home/giang/Desktop/DelaunayTriangulation3D-master/build/CMakeFiles/CMakeTmp/CheckSymbolExists.c:
/* */
#include <pthread.h>

int main(int argc, char** argv)
{
  (void)argv;
#ifndef pthread_create
  return ((int*)(&pthread_create))[argc];
#else
  (void)argc;
  return 0;
#endif
}

Determining if the function pthread_create exists in the pthreads failed with the following output:
Change Dir: /home/giang/Desktop/DelaunayTriangulation3D-master/build/CMakeFiles/CMakeTmp

Run Build Command:"/usr/bin/make" "cmTC_80ead/fast"
/usr/bin/make -f CMakeFiles/cmTC_80ead.dir/build.make CMakeFiles/cmTC_80ead.dir/build
make[1]: Entering directory '/home/giang/Desktop/DelaunayTriangulation3D-master/build/CMakeFiles/CMakeTmp'
Building C object CMakeFiles/cmTC_80ead.dir/CheckFunctionExists.c.o
/usr/bin/cc   -DCHECK_FUNCTION_EXISTS=pthread_create   -o CMakeFiles/cmTC_80ead.dir/CheckFunctionExists.c.o   -c /usr/share/cmake-3.10/Modules/CheckFunctionExists.c
Linking C executable cmTC_80ead
/usr/bin/cmake -E cmake_link_script CMakeFiles/cmTC_80ead.dir/link.txt --verbose=1
/usr/bin/cc  -DCHECK_FUNCTION_EXISTS=pthread_create    -rdynamic CMakeFiles/cmTC_80ead.dir/CheckFunctionExists.c.o  -o cmTC_80ead -lpthreads 
/usr/bin/x86_64-linux-gnu-ld: cannot find -lpthreads
collect2: error: ld returned 1 exit status
CMakeFiles/cmTC_80ead.dir/build.make:97: recipe for target 'cmTC_80ead' failed
make[1]: *** [cmTC_80ead] Error 1
make[1]: Leaving directory '/home/giang/Desktop/DelaunayTriangulation3D-master/build/CMakeFiles/CMakeTmp'
Makefile:126: recipe for target 'cmTC_80ead/fast' failed
make: *** [cmTC_80ead/fast] Error 2


